2026-03-06T12:44:58.373461Z  INFO telemetry: job_telemetry_init artifact_type=installed branch=602090a271c ci_number=20260223.1 ci_name=CommonRuntime-RuntimeTeam-Linux-Prod-Build build_time=2026-02-23 21:54:54.569784
2026-03-06T12:44:58.373677Z  INFO run_execution_wrapper: execution_wrapper: Writing HWLOC_COMPONENTS=-gl to /etc/environment
2026-03-06T12:44:58.392077Z  INFO run_execution_wrapper: execution_wrapper: Successfully added HWLOC_COMPONENTS=-gl to /etc/environment
2026-03-06T12:44:58.392115Z  INFO run_execution_wrapper: execution_wrapper: Set HWLOC_COMPONENTS=-gl in current process environment
2026-03-06T12:44:58.395894Z  INFO run_execution_wrapper: execution_wrapper: Successfully dumped bootstrapping environment to file
2026-03-06T12:44:58.395917Z  INFO run_execution_wrapper: execution_wrapper: Enable std log streaming is not specified in executor configuration, default to not stream logs to stdout and stderr
2026-03-06T12:44:58.395928Z  INFO run_execution_wrapper: execution_wrapper: Enable termination signal handling is not specified in executor configuration, default to ignore termination signals
2026-03-06T12:44:58.395936Z  INFO run_execution_wrapper: execution_wrapper: Executor config not provided, certificates will not be updated.
2026-03-06T12:44:58.395974Z  INFO run_execution_wrapper:execution-wrapper::run_service{path_mapping_kind=None error_pattern_json_files_post_execution=None error_pattern_json_file_mid_execution=None enable_std_log_streaming=false skip_user_log_file_generation=false enable_termination_signal_handling=false}: execution_wrapper::service: serving execution service at executor_address=/mnt/azureml/cr/j/938318238fba44478b2a5f9aba69e318/.grpc/executor:0
2026-03-06T12:44:58.396062Z  INFO run_execution_wrapper:execution-wrapper::run_service{path_mapping_kind=None error_pattern_json_files_post_execution=None error_pattern_json_file_mid_execution=None enable_std_log_streaming=false skip_user_log_file_generation=false enable_termination_signal_handling=false}: cr_core: Successfully configured current process to ignore termination signals
2026-03-06T12:44:58.396090Z  INFO run_execution_wrapper:execution-wrapper::run_service{path_mapping_kind=None error_pattern_json_files_post_execution=None error_pattern_json_file_mid_execution=None enable_std_log_streaming=false skip_user_log_file_generation=false enable_termination_signal_handling=false}:serve: grpc_utils::endpoint::serve: serving gRPC service endpoint=Uds("/mnt/azureml/cr/j/938318238fba44478b2a5f9aba69e318/.grpc/executor:0") retry=ExponentialBackoffRetry { retry_delay_secs: 2, delay_factor: 1000, num_retries: 3 }
2026-03-06T12:45:02.420389Z  INFO ExecutionServicer::run: grpc_utils::server: Got grpc request request_name="run" remote_addr=None
2026-03-06T12:45:02.420469Z  INFO ExecutionServicer::run: execution_wrapper::service: file /opt/microsoft/singularity/unasignal/StopUserNode exists: false path=/opt/microsoft/singularity/unasignal/StopUserNode
2026-03-06T12:45:02.420497Z  INFO ExecutionServicer::run:ExecutionServicer::spawn_execution{wait_execution_completion=false}: execution_wrapper::service: spawn_execution request id="56ceed1d-2369-4093-935a-16539e818c84" client_address=Some("/mnt/azureml/cr/j/938318238fba44478b2a5f9aba69e318/.grpc/lifecycler:0")
2026-03-06T12:45:02.420531Z  WARN ExecutionServicer::run:ExecutionServicer::spawn_execution{wait_execution_completion=false}:inject_legacy_env_vars: execution_wrapper::legacy_env_vars: Skip injecting legacy env vars, distributed config is None, setting only the defaults
2026-03-06T12:45:02.420549Z  INFO ExecutionServicer::run:ExecutionServicer::spawn_execution{wait_execution_completion=false}:inject_legacy_env_vars: execution_wrapper::legacy_env_vars: Injecting AZ_BATCHAI_JOB_WORK_DIR=/mnt/azureml/cr/j/938318238fba44478b2a5f9aba69e318/exe/wd working_dir="/mnt/azureml/cr/j/938318238fba44478b2a5f9aba69e318/exe/wd"
2026-03-06T12:45:02.420566Z  INFO ExecutionServicer::run:ExecutionServicer::spawn_execution{wait_execution_completion=false}:inject_legacy_env_vars: execution_wrapper::legacy_env_vars: Injecting AZUREML_PROCESS_NAME=main as default
2026-03-06T12:45:02.420642Z  INFO ExecutionServicer::run:ExecutionServicer::spawn_execution{wait_execution_completion=false}:inject_legacy_env_vars:get_gpu_count: execution_wrapper::common: Get ComputeContext from env success compute_context=ComputeContext { cluster_name: "gpu-a100", node_id: Literal("tvmps_93b928bcb476490b2390c580decc24726eaff369e9eb3ad91cc726add3b269b5_d"), vm_id: Some("c22f1c19-9e59-4b94-ab70-9eb554c51f0d"), run_attempt_count: 1, gpu_count: Some(1), vm_size: Some("STANDARD_NC24ADS_A100_V4"), readable_cluster_name: Some("gpu-a100"), vm_priority: Some(Dedicated), use_vnet_or_private_link: false }
2026-03-06T12:45:02.420680Z  INFO ExecutionServicer::run:ExecutionServicer::spawn_execution{wait_execution_completion=false}:inject_legacy_env_vars:get_gpu_count: execution_wrapper::common: close time.busy=96.4µs time.idle=1.90µs
2026-03-06T12:45:02.420700Z  INFO ExecutionServicer::run:ExecutionServicer::spawn_execution{wait_execution_completion=false}:inject_legacy_env_vars:override_dc_env_vars: execution_wrapper::dc_env_vars: Updated env AZUREML_CR_EXECUTOR_CONFIG for spawned process
2026-03-06T12:45:02.420716Z  INFO ExecutionServicer::run:ExecutionServicer::spawn_execution{wait_execution_completion=false}:inject_legacy_env_vars:override_dc_env_vars: execution_wrapper::dc_env_vars: Env var AZUREML_CR_DISTRIBUTED_CONFIG is empty for current process
2026-03-06T12:45:02.420726Z  INFO ExecutionServicer::run:ExecutionServicer::spawn_execution{wait_execution_completion=false}:inject_legacy_env_vars:override_dc_env_vars: execution_wrapper::dc_env_vars: Updated env AZUREML_SERVICE_ENDPOINT for spawned process
2026-03-06T12:45:02.420735Z  INFO ExecutionServicer::run:ExecutionServicer::spawn_execution{wait_execution_completion=false}:inject_legacy_env_vars:override_dc_env_vars: execution_wrapper::dc_env_vars: Updated env AZUREML_SERVICE_CERT_ENDPOINT for spawned process
2026-03-06T12:45:02.420744Z  INFO ExecutionServicer::run:ExecutionServicer::spawn_execution{wait_execution_completion=false}:inject_legacy_env_vars:override_dc_env_vars: execution_wrapper::dc_env_vars: Updated env AZUREML_DISCOVERY_SERVICE_ENDPOINT for spawned process
2026-03-06T12:45:02.420754Z  INFO ExecutionServicer::run:ExecutionServicer::spawn_execution{wait_execution_completion=false}:inject_legacy_env_vars:override_dc_env_vars: execution_wrapper::dc_env_vars: Env var AZUREML_DEV_URL_MLFLOW is empty for current process
2026-03-06T12:45:02.420768Z  INFO ExecutionServicer::run:ExecutionServicer::spawn_execution{wait_execution_completion=false}:inject_legacy_env_vars:override_dc_env_vars: execution_wrapper::dc_env_vars: Updated env AZUREML_RUN_HISTORY_SERVICE_ENDPOINT for spawned process
2026-03-06T12:45:02.420784Z  INFO ExecutionServicer::run:ExecutionServicer::spawn_execution{wait_execution_completion=false}:inject_legacy_env_vars:override_dc_env_vars: execution_wrapper::dc_env_vars: close time.busy=90.6µs time.idle=1.59µs
2026-03-06T12:45:02.420792Z  INFO ExecutionServicer::run:ExecutionServicer::spawn_execution{wait_execution_completion=false}:inject_legacy_env_vars: execution_wrapper::legacy_env_vars: close time.busy=263µs time.idle=2.25µs
2026-03-06T12:45:02.420812Z  INFO ExecutionServicer::run:ExecutionServicer::spawn_execution{wait_execution_completion=false}: execution_wrapper::infiniband_utils: Is InfiniBand device present: false infiniband_device_path="/dev/infiniband/uverbs0"
2026-03-06T12:45:02.420831Z  INFO ExecutionServicer::run:ExecutionServicer::spawn_execution{wait_execution_completion=false}: execution_wrapper::service: Spawning execution
2026-03-06T12:45:02.423417Z  INFO ExecutionServicer::run:ExecutionServicer::spawn_execution{wait_execution_completion=false}:Execution::parse_commands: execution_wrapper::command_resolvers::shell: Using detected user shell: "/bin/bash" shell="/bin/bash"
2026-03-06T12:45:02.423504Z  INFO ExecutionServicer::run:ExecutionServicer::spawn_execution{wait_execution_completion=false}:Execution::parse_commands: execution_wrapper::execution: close time.busy=2.49ms time.idle=2.32µs
2026-03-06T12:45:02.423911Z  INFO ExecutionServicer::run:ExecutionServicer::spawn_execution{wait_execution_completion=false}:Execution::spawn{wait_execution_completion=false}: execution_wrapper::execution: Spawning target process
2026-03-06T12:45:02.425695Z  INFO ExecutionServicer::run:ExecutionServicer::spawn_execution{wait_execution_completion=false}:Execution::spawn{wait_execution_completion=false}: execution_wrapper::execution: execution process spawned pid=112
2026-03-06T12:45:02.425922Z  INFO execution_wrapper::execution: start waiting for processes execution to complete num_processes=1
2026-03-06T12:45:02.426053Z  INFO Execution::wait_for_completion: execution_wrapper::execution::process_manager: ProcessManagerExecution state changing from PendingExecution to PendingExecution
2026-03-06T14:44:42.497162Z  INFO Execution::wait_for_completion: execution_wrapper::execution::process_manager: ProcessManagerExecution state changing from PendingExecution to ExecutionCompleted
2026-03-06T14:44:42.497244Z  INFO Execution::wait_for_completion: execution_wrapper::execution::process_manager: Start collecting process exit statuses
2026-03-06T14:44:42.497259Z  INFO Execution::wait_for_completion: execution_wrapper::execution::process_manager: Successfully collected the exit status of user process pid=112 process_name=export killed_by_process_manager=false
2026-03-06T14:44:42.497279Z  INFO Execution::wait_for_completion: execution_wrapper::execution::process_manager: Process manager successfully collected the exit statuses of all user processes on current node
2026-03-06T14:44:42.497291Z  INFO Execution::wait_for_completion: execution_wrapper::execution::process_manager: ProcessManagerExecution state changing from ExecutionCompleted to CleanupStreamingTasks
2026-03-06T14:44:42.497312Z  INFO Execution::wait_for_completion: execution_wrapper::execution::process_manager: Start cleaning up execution log streaming tasks
2026-03-06T14:44:42.497322Z  INFO Execution::wait_for_completion: execution_wrapper::execution::process_manager: Process manager successfully aborted all streaming tasks for current execution
2026-03-06T14:44:42.497337Z  INFO Execution::wait_for_completion: execution_wrapper::execution: Gathered execution result for rank 0 process_rank=0 exit_code=0 stderr_path=Some("user_logs/std_log.txt")
2026-03-06T14:44:42.497364Z  INFO Execution::wait_for_completion: execution_wrapper::execution: [wait_for_completion] execution process completed.
2026-03-06T14:44:42.497409Z  WARN Execution::wait_for_completion:ExecutionFinalizer::on_exit:ExecutionFinalizer::complete_execution: grpc_utils::span: failed to inject span context to grpc request
2026-03-06T14:44:42.497434Z  INFO Execution::wait_for_completion:ExecutionFinalizer::on_exit:ExecutionFinalizer::complete_execution:execution-wrapper::connect_to_callback_service: execution_wrapper::service: connecting to callback endpoint: /mnt/azureml/cr/j/938318238fba44478b2a5f9aba69e318/.grpc/lifecycler:0 client_address=/mnt/azureml/cr/j/938318238fba44478b2a5f9aba69e318/.grpc/lifecycler:0
2026-03-06T14:44:42.497543Z  INFO Execution::wait_for_completion:ExecutionFinalizer::on_exit:ExecutionFinalizer::complete_execution:execution-wrapper::connect_to_callback_service:connect: grpc_utils::endpoint::connect: Connecting to gRPC service endpoint=Uds("/mnt/azureml/cr/j/938318238fba44478b2a5f9aba69e318/.grpc/lifecycler:0") retry=FixedIntervalRetry { attempt_timeout_millis: 50, retry_delay_millis: 10, max_duration: 600s }
2026-03-06T14:44:42.497824Z  INFO Execution::wait_for_completion:ExecutionFinalizer::on_exit:ExecutionFinalizer::complete_execution:execution-wrapper::connect_to_callback_service:connect: grpc_utils::endpoint::connect: Successfully connected to gRPC service endpoint=Uds("/mnt/azureml/cr/j/938318238fba44478b2a5f9aba69e318/.grpc/lifecycler:0")
2026-03-06T14:44:42.497886Z  INFO Execution::wait_for_completion:ExecutionFinalizer::on_exit:ExecutionFinalizer::complete_execution:execution-wrapper::connect_to_callback_service:connect: grpc_utils::endpoint::connect: close time.busy=279µs time.idle=70.2µs
2026-03-06T14:44:42.497915Z  INFO Execution::wait_for_completion:ExecutionFinalizer::on_exit:ExecutionFinalizer::complete_execution:execution-wrapper::connect_to_callback_service: execution_wrapper::service: close time.busy=423µs time.idle=61.5µs
2026-03-06T14:44:42.498447Z  INFO Execution::wait_for_completion:ExecutionFinalizer::on_exit:ExecutionFinalizer::complete_execution: execution_wrapper::service: Completed execution id=56ceed1d-2369-4093-935a-16539e818c84
2026-03-06T14:44:42.498496Z  INFO Execution::wait_for_completion:ExecutionFinalizer::on_exit:ExecutionFinalizer::complete_execution: execution_wrapper::service: close time.busy=564µs time.idle=530µs
2026-03-06T14:44:42.498518Z  INFO Execution::wait_for_completion:ExecutionFinalizer::on_exit: execution_wrapper::service: close time.busy=580µs time.idle=549µs
2026-03-06T14:44:42.498526Z  INFO ExecutionServicer::run:ExecutionServicer::spawn_execution{wait_execution_completion=false}:Execution::spawn{wait_execution_completion=false}: execution_wrapper::execution: close time.busy=2.04ms time.idle=7180s
2026-03-06T14:44:42.498534Z  INFO ExecutionServicer::run:ExecutionServicer::spawn_execution{wait_execution_completion=false}: execution_wrapper::service: close time.busy=5.18ms time.idle=7180s
2026-03-06T14:44:42.498540Z  INFO ExecutionServicer::run: execution_wrapper::service: close time.busy=5.30ms time.idle=7180s
2026-03-06T14:44:42.498547Z  INFO Execution::wait_for_completion: execution_wrapper::execution: close time.busy=956µs time.idle=7180s
2026-03-06T14:44:42.498555Z  INFO execution_wrapper::execution: process execution completed
